<?xml version="1.0" encoding="UTF-8" ?>
<testsuites disabled="0" errors="0" failures="0" tests="6" time="26.936">
 <testsuite name="calculator test suite" timestamp="2019-12-16T19:23:20" hostname="localhost" time="26.936" errors="0" tests="6" skipped="0" disabled="0" failures="0">
  <testcase classname="calculator test suite" name="should have a title" time="1.385" />
  <testcase classname="calculator test suite" name="Addition Test" time="6.528" />
  <testcase classname="calculator test suite" name="Subtraction Test" time="5.023" />
  <testcase classname="calculator test suite" name="Multiplication Test" time="4.935" />
  <testcase classname="calculator test suite" name="Division Test" time="3.981" />
  <testcase classname="calculator test suite" name="Modulus Test" time="5.053" />
 </testsuite>
</testsuites>